<?xml version="1.0" encoding="UTF-8"?>
<!-- Generated by org.testng.reporters.JUnitReportReporter -->
<testsuite hostname="LTIN514801" failures="0" tests="31" name="TestCases.Combined" time="-1722502656.000" errors="1" timestamp="2024-08-01T14:27:20 IST" skipped="30">
  <testcase classname="TestCases.Combined" name="setup" time="-1722502656.000">
    <error message="
Can inject only one of &lt;ITestContext, XmlTest&gt; into a @BeforeClass annotated setup.
For more information on native dependency injection please refer to https://testng.org/doc/documentation-main.html#native-dependency-injection" type="org.testng.TestNGException">
      <![CDATA[org.testng.TestNGException: 
Can inject only one of <ITestContext, XmlTest> into a @BeforeClass annotated setup.
For more information on native dependency injection please refer to https://testng.org/doc/documentation-main.html#native-dependency-injection
at org.testng.internal.Parameters.checkParameterTypes(Parameters.java:439)
at org.testng.internal.Parameters.createParametersForMethod(Parameters.java:353)
at org.testng.internal.Parameters.createParameters(Parameters.java:708)
at org.testng.internal.Parameters.createConfigurationParameters(Parameters.java:168)
at org.testng.internal.ConfigInvoker.invokeConfigurations(ConfigInvoker.java:302)
at org.testng.internal.TestMethodWorker.invokeBeforeClassMethods(TestMethodWorker.java:176)
at org.testng.internal.TestMethodWorker.run(TestMethodWorker.java:122)
at java.base/java.util.ArrayList.forEach(ArrayList.java:1511)
at org.testng.TestRunner.privateRun(TestRunner.java:794)
at org.testng.TestRunner.run(TestRunner.java:596)
at org.testng.SuiteRunner.runTest(SuiteRunner.java:377)
at org.testng.SuiteRunner.runSequentially(SuiteRunner.java:371)
at org.testng.SuiteRunner.privateRun(SuiteRunner.java:332)
at org.testng.SuiteRunner.run(SuiteRunner.java:276)
at org.testng.SuiteRunnerWorker.runSuite(SuiteRunnerWorker.java:53)
at org.testng.SuiteRunnerWorker.run(SuiteRunnerWorker.java:96)
at org.testng.TestNG.runSuitesSequentially(TestNG.java:1212)
at org.testng.TestNG.runSuitesLocally(TestNG.java:1134)
at org.testng.TestNG.runSuites(TestNG.java:1063)
at org.testng.TestNG.run(TestNG.java:1031)
at org.testng.remote.AbstractRemoteTestNG.run(AbstractRemoteTestNG.java:115)
at org.testng.remote.RemoteTestNG.initAndRun(RemoteTestNG.java:251)
at org.testng.remote.RemoteTestNG.main(RemoteTestNG.java:77)
]]>
    </error>
  </testcase> <!-- setup -->
  <system-out/>
  <testcase classname="TestCases.Combined" name="Car_Loan" time="0.000">
    <skipped/>
  </testcase> <!-- Car_Loan -->
  <system-out/>
  <testcase classname="TestCases.Combined" name="Principal" time="0.000">
    <skipped/>
  </testcase> <!-- Principal -->
  <system-out/>
  <testcase classname="TestCases.Combined" name="Interest" time="0.000">
    <skipped/>
  </testcase> <!-- Interest -->
  <system-out/>
  <testcase classname="TestCases.Combined" name="Loan_Tenure" time="0.000">
    <skipped/>
  </testcase> <!-- Loan_Tenure -->
  <system-out/>
  <testcase classname="TestCases.Combined" name="Months_details" time="0.000">
    <skipped/>
  </testcase> <!-- Months_details -->
  <system-out/>
  <testcase classname="TestCases.Combined" name="output" time="0.000">
    <skipped/>
  </testcase> <!-- output -->
  <system-out/>
  <testcase classname="TestCases.Combined" name="menu" time="0.000">
    <skipped/>
  </testcase> <!-- menu -->
  <system-out/>
  <testcase classname="TestCases.Combined" name="Home_Loan" time="0.000">
    <skipped/>
  </testcase> <!-- Home_Loan -->
  <system-out/>
  <testcase classname="TestCases.Combined" name="Home_Loan_Value" time="0.000">
    <skipped/>
  </testcase> <!-- Home_Loan_Value -->
  <system-out/>
  <testcase classname="TestCases.Combined" name="Year_Wise_Print" time="0.000">
    <skipped/>
  </testcase> <!-- Year_Wise_Print -->
  <system-out/>
  <testcase classname="TestCases.Combined" name="Writing_Excel" time="0.000">
    <skipped/>
  </testcase> <!-- Writing_Excel -->
  <system-out/>
  <testcase classname="TestCases.Combined" name="Menu_" time="0.000">
    <skipped/>
  </testcase> <!-- Menu_ -->
  <system-out/>
  <testcase classname="TestCases.Combined" name="LoancalculatorClick" time="0.000">
    <skipped/>
  </testcase> <!-- LoancalculatorClick -->
  <system-out/>
  <testcase classname="TestCases.Combined" name="EMICalculatorTextValidating" time="0.000">
    <skipped/>
  </testcase> <!-- EMICalculatorTextValidating -->
  <system-out/>
  <testcase classname="TestCases.Combined" name="EMICalculatorTextBoxValidating" time="0.000">
    <skipped/>
  </testcase> <!-- EMICalculatorTextBoxValidating -->
  <system-out/>
  <testcase classname="TestCases.Combined" name="YearToMonthCalculation" time="0.000">
    <skipped/>
  </testcase> <!-- YearToMonthCalculation -->
  <system-out/>
  <testcase classname="TestCases.Combined" name="EMICalculatorSliderValidating" time="0.000">
    <skipped/>
  </testcase> <!-- EMICalculatorSliderValidating -->
  <system-out/>
  <testcase classname="TestCases.Combined" name="Menu_click" time="0.000">
    <skipped/>
  </testcase> <!-- Menu_click -->
  <system-out/>
  <testcase classname="TestCases.Combined" name="LoanCalculatorclick" time="0.000">
    <skipped/>
  </testcase> <!-- LoanCalculatorclick -->
  <system-out/>
  <testcase classname="TestCases.Combined" name="Loan_Amount_Calculator_Click" time="0.000">
    <skipped/>
  </testcase> <!-- Loan_Amount_Calculator_Click -->
  <system-out/>
  <testcase classname="TestCases.Combined" name="LoanAmountCalculatorTextValidating" time="0.000">
    <skipped/>
  </testcase> <!-- LoanAmountCalculatorTextValidating -->
  <system-out/>
  <testcase classname="TestCases.Combined" name="LoanAmountCalculatorTextBoxValidating" time="0.000">
    <skipped/>
  </testcase> <!-- LoanAmountCalculatorTextBoxValidating -->
  <system-out/>
  <testcase classname="TestCases.Combined" name="LoanamountYearToMonth" time="0.000">
    <skipped/>
  </testcase> <!-- LoanamountYearToMonth -->
  <system-out/>
  <testcase classname="TestCases.Combined" name="LoanAmountCalculatorSliderValidating" time="0.000">
    <skipped/>
  </testcase> <!-- LoanAmountCalculatorSliderValidating -->
  <system-out/>
  <testcase classname="TestCases.Combined" name="Menu" time="0.000">
    <skipped/>
  </testcase> <!-- Menu -->
  <system-out/>
  <testcase classname="TestCases.Combined" name="LoanCalculatorClick" time="0.000">
    <skipped/>
  </testcase> <!-- LoanCalculatorClick -->
  <system-out/>
  <testcase classname="TestCases.Combined" name="Loan_Tenure_Calculator_Click" time="0.000">
    <skipped/>
  </testcase> <!-- Loan_Tenure_Calculator_Click -->
  <system-out/>
  <testcase classname="TestCases.Combined" name="Loan_Tenure_Calculator_TextValidation" time="0.000">
    <skipped/>
  </testcase> <!-- Loan_Tenure_Calculator_TextValidation -->
  <system-out/>
  <testcase classname="TestCases.Combined" name="Loan_Tenure_Calculator_TextBox_Validation" time="0.000">
    <skipped/>
  </testcase> <!-- Loan_Tenure_Calculator_TextBox_Validation -->
  <system-out/>
  <testcase classname="TestCases.Combined" name="Loan_Tenure_Calculator_Slider_Validation" time="0.000">
    <skipped/>
  </testcase> <!-- Loan_Tenure_Calculator_Slider_Validation -->
  <system-out/>
</testsuite> <!-- TestCases.Combined -->
